<?xml version="1.0" encoding="UTF-8"?>
<!-- Generated by org.testng.reporters.JUnitReportReporter -->
<testsuite hostname="Sravalika" failures="0" tests="1" name="com.vedha.usingseleniumapplications.Demoqa" time="13.727" errors="0" timestamp="2024-01-31T22:50:37 IST" skipped="0">
  <testcase classname="com.vedha.usingseleniumapplications.Demoqa" name="checkBox" time="13.727"/>
  <system-out/>
</testsuite> <!-- com.vedha.usingseleniumapplications.Demoqa -->
