<?xml version="1.0" encoding="UTF-8"?>
<!-- Generated by org.testng.reporters.JUnitReportReporter -->
<testsuite hostname="Sravalika" failures="0" tests="9" name="webpages.Naukri" time="27.021" errors="0" timestamp="2024-02-09T22:33:36 IST" skipped="8">
  <testcase classname="webpages.Naukri" name="sales" time="27.021"/>
  <system-out/>
  <testcase classname="webpages.Naukri" name="login">
    <skipped/>
  </testcase> <!-- login -->
  <system-out/>
  <testcase classname="webpages.Naukri" name="mnc">
    <skipped/>
  </testcase> <!-- mnc -->
  <system-out/>
  <testcase classname="webpages.Naukri" name="services">
    <skipped/>
  </testcase> <!-- services -->
  <system-out/>
  <testcase classname="webpages.Naukri" name="companies">
    <skipped/>
  </testcase> <!-- companies -->
  <system-out/>
  <testcase classname="webpages.Naukri" name="remote">
    <skipped/>
  </testcase> <!-- remote -->
  <system-out/>
  <testcase classname="webpages.Naukri" name="search">
    <skipped/>
  </testcase> <!-- search -->
  <system-out/>
  <testcase classname="webpages.Naukri" name="Analytics">
    <skipped/>
  </testcase> <!-- Analytics -->
  <system-out/>
  <testcase classname="webpages.Naukri" name="Engineering">
    <skipped/>
  </testcase> <!-- Engineering -->
  <system-out/>
</testsuite> <!-- webpages.Naukri -->
