<?xml version="1.0" encoding="UTF-8"?>
<!-- Generated by org.testng.reporters.JUnitReportReporter -->
<testsuite hostname="Sravalika" failures="0" tests="9" name="webpages.OrangeTravels" time="26.879" errors="0" timestamp="2024-02-10T17:18:39 IST" skipped="8">
  <testcase classname="webpages.OrangeTravels" name="oneWay" time="26.879"/>
  <system-out/>
  <testcase classname="webpages.OrangeTravels" name="activator">
    <skipped/>
  </testcase> <!-- activator -->
  <system-out/>
  <testcase classname="webpages.OrangeTravels" name="orangeToursAndTravels">
    <skipped/>
  </testcase> <!-- orangeToursAndTravels -->
  <system-out/>
  <testcase classname="webpages.OrangeTravels" name="roundTrip">
    <skipped/>
  </testcase> <!-- roundTrip -->
  <system-out/>
  <testcase classname="webpages.OrangeTravels" name="manageBooking">
    <skipped/>
  </testcase> <!-- manageBooking -->
  <system-out/>
  <testcase classname="webpages.OrangeTravels" name="agentLogin">
    <skipped/>
  </testcase> <!-- agentLogin -->
  <system-out/>
  <testcase classname="webpages.OrangeTravels" name="branchLogin">
    <skipped/>
  </testcase> <!-- branchLogin -->
  <system-out/>
  <testcase classname="webpages.OrangeTravels" name="cargo">
    <skipped/>
  </testcase> <!-- cargo -->
  <system-out/>
  <testcase classname="webpages.OrangeTravels" name="myBookings">
    <skipped/>
  </testcase> <!-- myBookings -->
  <system-out/>
</testsuite> <!-- webpages.OrangeTravels -->
