<?xml version="1.0" encoding="UTF-8"?>
<!-- Generated by org.testng.reporters.JUnitReportReporter -->
<testsuite hostname="Sravalika" failures="0" tests="9" name="webpages.YashodaHospitals" time="17.366" errors="0" timestamp="2024-02-06T00:14:52 IST" skipped="8">
  <testcase classname="webpages.YashodaHospitals" name="neuroscience" time="17.366"/>
  <system-out/>
  <testcase classname="webpages.YashodaHospitals" name="news">
    <skipped/>
  </testcase> <!-- news -->
  <system-out/>
  <testcase classname="webpages.YashodaHospitals" name="heartTransplant">
    <skipped/>
  </testcase> <!-- heartTransplant -->
  <system-out/>
  <testcase classname="webpages.YashodaHospitals" name="about">
    <skipped/>
  </testcase> <!-- about -->
  <system-out/>
  <testcase classname="webpages.YashodaHospitals" name="location">
    <skipped/>
  </testcase> <!-- location -->
  <system-out/>
  <testcase classname="webpages.YashodaHospitals" name="patientInfo">
    <skipped/>
  </testcase> <!-- patientInfo -->
  <system-out/>
  <testcase classname="webpages.YashodaHospitals" name="blog">
    <skipped/>
  </testcase> <!-- blog -->
  <system-out/>
  <testcase classname="webpages.YashodaHospitals" name="specialities">
    <skipped/>
  </testcase> <!-- specialities -->
  <system-out/>
  <testcase classname="webpages.YashodaHospitals" name="internationalPatient">
    <skipped/>
  </testcase> <!-- internationalPatient -->
  <system-out/>
</testsuite> <!-- webpages.YashodaHospitals -->
