<?xml version="1.0" encoding="UTF-8"?>
<!-- Generated by org.testng.reporters.JUnitReportReporter -->
<testsuite hostname="Sravalika" failures="0" tests="5" name="webpages.BurgerKing" time="32.338" errors="0" timestamp="2024-02-10T18:54:13 IST" skipped="4">
  <testcase classname="webpages.BurgerKing" name="explorefullmenu" time="32.338"/>
  <system-out/>
  <testcase classname="webpages.BurgerKing" name="location">
    <skipped/>
  </testcase> <!-- location -->
  <system-out/>
  <testcase classname="webpages.BurgerKing" name="delivery">
    <skipped/>
  </testcase> <!-- delivery -->
  <system-out/>
  <testcase classname="webpages.BurgerKing" name="kingDeals">
    <skipped/>
  </testcase> <!-- kingDeals -->
  <system-out/>
  <testcase classname="webpages.BurgerKing" name="nearByStores">
    <skipped/>
  </testcase> <!-- nearByStores -->
  <system-out/>
</testsuite> <!-- webpages.BurgerKing -->
