<?xml version="1.0" encoding="UTF-8"?>
<!-- Generated by org.testng.reporters.JUnitReportReporter -->
<testsuite hostname="Sravalika" failures="0" tests="4" name="com.vedha.webpages.Bookmyshow" time="20.043" errors="0" timestamp="2024-02-11T16:16:52 IST" skipped="3">
  <testcase classname="com.vedha.webpages.Bookmyshow" name="events" time="20.043"/>
  <system-out/>
  <testcase classname="com.vedha.webpages.Bookmyshow" name="searchBar">
    <skipped/>
  </testcase> <!-- searchBar -->
  <system-out/>
  <testcase classname="com.vedha.webpages.Bookmyshow" name="stream">
    <skipped/>
  </testcase> <!-- stream -->
  <system-out/>
  <testcase classname="com.vedha.webpages.Bookmyshow" name="moviess">
    <skipped/>
  </testcase> <!-- moviess -->
  <system-out/>
</testsuite> <!-- com.vedha.webpages.Bookmyshow -->
