<?xml version="1.0" encoding="UTF-8"?>
<!-- Generated by org.testng.reporters.JUnitReportReporter -->
<testsuite hostname="Sravalika" failures="0" tests="9" name="webpages.Paytm" time="16.813" errors="0" timestamp="2024-02-09T15:52:57 IST" skipped="8">
  <testcase classname="webpages.Paytm" name="PaytmForBusiness" time="16.813"/>
  <system-out/>
  <testcase classname="webpages.Paytm" name="paytForConsumer">
    <skipped/>
  </testcase> <!-- paytForConsumer -->
  <system-out/>
  <testcase classname="webpages.Paytm" name="services">
    <skipped/>
  </testcase> <!-- services -->
  <system-out/>
  <testcase classname="webpages.Paytm" name="landLineBill">
    <skipped/>
  </testcase> <!-- landLineBill -->
  <system-out/>
  <testcase classname="webpages.Paytm" name="DTHconnection">
    <skipped/>
  </testcase> <!-- DTHconnection -->
  <system-out/>
  <testcase classname="webpages.Paytm" name="electricity">
    <skipped/>
  </testcase> <!-- electricity -->
  <system-out/>
  <testcase classname="webpages.Paytm" name="fee">
    <skipped/>
  </testcase> <!-- fee -->
  <system-out/>
  <testcase classname="webpages.Paytm" name="gasCylinder">
    <skipped/>
  </testcase> <!-- gasCylinder -->
  <system-out/>
  <testcase classname="webpages.Paytm" name="recharge">
    <skipped/>
  </testcase> <!-- recharge -->
  <system-out/>
</testsuite> <!-- webpages.Paytm -->
