<?xml version="1.0" encoding="UTF-8"?>
<!-- Generated by org.testng.reporters.JUnitReportReporter -->
<testsuite hostname="Sravalika" failures="0" tests="9" name="com.vedha.webpages.FaceBook" time="104.149" errors="0" timestamp="2024-02-11T00:04:17 IST" skipped="4">
  <testcase classname="com.vedha.webpages.FaceBook" name="messenger" time="20.925"/>
  <system-out/>
  <testcase classname="com.vedha.webpages.FaceBook" name="places" time="31.005"/>
  <system-out/>
  <testcase classname="com.vedha.webpages.FaceBook" name="faceBookLite" time="16.278"/>
  <system-out/>
  <testcase classname="com.vedha.webpages.FaceBook" name="marketplace" time="22.608"/>
  <system-out/>
  <testcase classname="com.vedha.webpages.FaceBook" name="privacyPolicy" time="13.333"/>
  <system-out/>
  <testcase classname="com.vedha.webpages.FaceBook" name="metaPay">
    <skipped/>
  </testcase> <!-- metaPay -->
  <system-out/>
  <testcase classname="com.vedha.webpages.FaceBook" name="voting">
    <skipped/>
  </testcase> <!-- voting -->
  <system-out/>
  <testcase classname="com.vedha.webpages.FaceBook" name="metastore">
    <skipped/>
  </testcase> <!-- metastore -->
  <system-out/>
  <testcase classname="com.vedha.webpages.FaceBook" name="metaQuest">
    <skipped/>
  </testcase> <!-- metaQuest -->
  <system-out/>
</testsuite> <!-- com.vedha.webpages.FaceBook -->
