<?xml version="1.0" encoding="UTF-8"?>
<!-- Generated by org.testng.reporters.JUnitReportReporter -->
<testsuite hostname="Sravalika" failures="0" tests="9" name="webpages.FaceBook" time="9.293" errors="0" timestamp="2024-02-10T00:19:58 IST" skipped="8">
  <testcase classname="webpages.FaceBook" name="privacyPolicy" time="9.293"/>
  <system-out/>
  <testcase classname="webpages.FaceBook" name="metastore">
    <skipped/>
  </testcase> <!-- metastore -->
  <system-out/>
  <testcase classname="webpages.FaceBook" name="places">
    <skipped/>
  </testcase> <!-- places -->
  <system-out/>
  <testcase classname="webpages.FaceBook" name="voting">
    <skipped/>
  </testcase> <!-- voting -->
  <system-out/>
  <testcase classname="webpages.FaceBook" name="messenger">
    <skipped/>
  </testcase> <!-- messenger -->
  <system-out/>
  <testcase classname="webpages.FaceBook" name="marketplace">
    <skipped/>
  </testcase> <!-- marketplace -->
  <system-out/>
  <testcase classname="webpages.FaceBook" name="metaPay">
    <skipped/>
  </testcase> <!-- metaPay -->
  <system-out/>
  <testcase classname="webpages.FaceBook" name="faceBookLite">
    <skipped/>
  </testcase> <!-- faceBookLite -->
  <system-out/>
  <testcase classname="webpages.FaceBook" name="metaQuest">
    <skipped/>
  </testcase> <!-- metaQuest -->
  <system-out/>
</testsuite> <!-- webpages.FaceBook -->
