<?xml version="1.0" encoding="UTF-8"?>
<!-- Generated by org.testng.reporters.JUnitReportReporter -->
<testsuite hostname="Sravalika" failures="0" tests="2" name="webpages.Dezlearn" time="77.758" errors="0" timestamp="2024-02-10T21:04:46 IST" skipped="1">
  <testcase classname="webpages.Dezlearn" name="tc1" time="77.758"/>
  <system-out/>
  <testcase classname="webpages.Dezlearn" name="courses">
    <skipped/>
  </testcase> <!-- courses -->
  <system-out/>
</testsuite> <!-- webpages.Dezlearn -->
