<?xml version="1.0" encoding="UTF-8"?>
<!-- Generated by org.testng.reporters.JUnitReportReporter -->
<testsuite hostname="Sravalika" failures="0" tests="1" name="com.vedha.Dezlearn.DezlearnWebsite" time="55.270" errors="0" timestamp="2024-02-02T20:33:37 IST" skipped="0">
  <testcase classname="com.vedha.Dezlearn.DezlearnWebsite" name="tc1" time="55.270"/>
  <system-out/>
</testsuite> <!-- com.vedha.Dezlearn.DezlearnWebsite -->
