<?xml version="1.0" encoding="UTF-8"?>
<!-- Generated by org.testng.reporters.JUnitReportReporter -->
<testsuite hostname="Sravalika" failures="0" tests="9" name="webpages.Makemytrip" time="18.292" errors="0" timestamp="2024-02-07T23:35:48 IST" skipped="8">
  <testcase classname="webpages.Makemytrip" name="travelInsurance" time="18.292"/>
  <system-out/>
  <testcase classname="webpages.Makemytrip" name="holidayPackages">
    <skipped/>
  </testcase> <!-- holidayPackages -->
  <system-out/>
  <testcase classname="webpages.Makemytrip" name="buses">
    <skipped/>
  </testcase> <!-- buses -->
  <system-out/>
  <testcase classname="webpages.Makemytrip" name="cardCurrency">
    <skipped/>
  </testcase> <!-- cardCurrency -->
  <system-out/>
  <testcase classname="webpages.Makemytrip" name="hotels">
    <skipped/>
  </testcase> <!-- hotels -->
  <system-out/>
  <testcase classname="webpages.Makemytrip" name="cabs">
    <skipped/>
  </testcase> <!-- cabs -->
  <system-out/>
  <testcase classname="webpages.Makemytrip" name="villas">
    <skipped/>
  </testcase> <!-- villas -->
  <system-out/>
  <testcase classname="webpages.Makemytrip" name="flights">
    <skipped/>
  </testcase> <!-- flights -->
  <system-out/>
  <testcase classname="webpages.Makemytrip" name="trains">
    <skipped/>
  </testcase> <!-- trains -->
  <system-out/>
</testsuite> <!-- webpages.Makemytrip -->
